<?xml version="1.0" encoding="UTF-8"?>
<!-- Generated by org.testng.reporters.JUnitReportReporter -->
<testsuite hostname="IKnIK" failures="0" tests="4" name="org.example.runners.TestRunner" time="40.480" errors="0" timestamp="2025-08-21T00:01:41 EDT" skipped="0">
  <testcase classname="org.example.runners.TestRunner" name="runScenario" time="11.329"/>
  <testcase classname="org.example.runners.TestRunner" name="runScenario" time="8.969"/>
  <testcase classname="org.example.runners.TestRunner" name="runScenario" time="11.269"/>
  <testcase classname="org.example.runners.TestRunner" name="runScenario" time="8.913"/>
</testsuite> <!-- org.example.runners.TestRunner -->
