<?xml version="1.0" encoding="UTF-8"?>
<!-- Generated by org.testng.reporters.JUnitReportReporter -->
<testsuite hostname="IKnIK" failures="0" tests="2" name="org.example.runners.TestRunner" time="21.122" errors="0" timestamp="2025-08-21T19:45:22 EDT" skipped="0">
  <testcase classname="org.example.runners.TestRunner" name="runScenario" time="10.561"/>
  <testcase classname="org.example.runners.TestRunner" name="runScenario" time="10.561"/>
</testsuite> <!-- org.example.runners.TestRunner -->
