<?xml version="1.0" encoding="UTF-8"?>
<!-- Generated by org.testng.reporters.JUnitReportReporter -->
<testsuite hostname="IKnIK" failures="0" tests="6" name="org.example.runners.TestRunner" time="38.300" errors="0" timestamp="2025-08-19T11:31:17 EDT" skipped="0">
  <testcase classname="org.example.runners.TestRunner" name="runScenario" time="6.229"/>
  <testcase classname="org.example.runners.TestRunner" name="runScenario" time="6.264"/>
  <testcase classname="org.example.runners.TestRunner" name="runScenario" time="6.296"/>
  <testcase classname="org.example.runners.TestRunner" name="runScenario" time="6.229"/>
  <testcase classname="org.example.runners.TestRunner" name="runScenario" time="6.357"/>
  <testcase classname="org.example.runners.TestRunner" name="runScenario" time="6.925"/>
</testsuite> <!-- org.example.runners.TestRunner -->
