<?xml version="1.0" encoding="UTF-8"?>
<!-- Generated by org.testng.reporters.JUnitReportReporter -->
<testsuite hostname="IKnIK" failures="0" tests="6" name="org.example.runners.TestRunner" time="15.026" errors="0" timestamp="2025-08-20T23:23:50 EDT" skipped="0">
  <testcase classname="org.example.runners.TestRunner" name="runScenario" time="1.961"/>
  <testcase classname="org.example.runners.TestRunner" name="runScenario" time="4.349"/>
  <testcase classname="org.example.runners.TestRunner" name="runScenario" time="2.112"/>
  <testcase classname="org.example.runners.TestRunner" name="runScenario" time="1.934"/>
  <testcase classname="org.example.runners.TestRunner" name="runScenario" time="1.974"/>
  <testcase classname="org.example.runners.TestRunner" name="runScenario" time="2.696"/>
</testsuite> <!-- org.example.runners.TestRunner -->
