<?xml version="1.0" encoding="UTF-8"?>
<!-- Generated by org.testng.reporters.JUnitReportReporter -->
<testsuite hostname="IKnIK" failures="0" tests="8" name="org.example.runners.TestRunner" time="114.386" errors="0" timestamp="2025-08-21T12:15:52 EDT" skipped="0">
  <testcase classname="org.example.runners.TestRunner" name="runScenario" time="14.146"/>
  <testcase classname="org.example.runners.TestRunner" name="runScenario" time="14.326"/>
  <testcase classname="org.example.runners.TestRunner" name="runScenario" time="14.331"/>
  <testcase classname="org.example.runners.TestRunner" name="runScenario" time="14.237"/>
  <testcase classname="org.example.runners.TestRunner" name="runScenario" time="14.502"/>
  <testcase classname="org.example.runners.TestRunner" name="runScenario" time="14.146"/>
  <testcase classname="org.example.runners.TestRunner" name="runScenario" time="14.261"/>
  <testcase classname="org.example.runners.TestRunner" name="runScenario" time="14.437"/>
</testsuite> <!-- org.example.runners.TestRunner -->
