<?xml version="1.0" encoding="UTF-8"?>
<!-- Generated by org.testng.reporters.JUnitReportReporter -->
<testsuite hostname="DESKTOP-PQ91UE8" failures="0" tests="2" name="org.example.runners.TestRunner" time="6.530" errors="0" timestamp="2025-08-17T21:59:42 EDT" skipped="0">
  <testcase classname="org.example.runners.TestRunner" name="runScenario" time="0.008"/>
  <testcase classname="org.example.runners.TestRunner" name="runScenario" time="6.522"/>
</testsuite> <!-- org.example.runners.TestRunner -->
