<?xml version="1.0" encoding="UTF-8"?>
<!-- Generated by org.testng.reporters.JUnitReportReporter -->
<testsuite hostname="IKnIK" failures="0" tests="4" name="org.example.runners.TestRunner" time="26.662" errors="0" timestamp="2025-08-20T12:53:32 EDT" skipped="0">
  <testcase classname="org.example.runners.TestRunner" name="runScenario" time="10.602"/>
  <testcase classname="org.example.runners.TestRunner" name="runScenario" time="4.595"/>
  <testcase classname="org.example.runners.TestRunner" name="runScenario" time="7.024"/>
  <testcase classname="org.example.runners.TestRunner" name="runScenario" time="4.441"/>
</testsuite> <!-- org.example.runners.TestRunner -->
