<?xml version="1.0" encoding="UTF-8"?>
<!-- Generated by org.testng.reporters.JUnitReportReporter -->
<testsuite hostname="IKnIK" failures="0" tests="8" name="org.example.runners.TestRunner" time="52.894" errors="0" timestamp="2025-08-22T13:00:35 EDT" skipped="0">
  <testcase classname="org.example.runners.TestRunner" name="runScenario" time="4.896"/>
  <testcase classname="org.example.runners.TestRunner" name="runScenario" time="4.694"/>
  <testcase classname="org.example.runners.TestRunner" name="runScenario" time="10.009"/>
  <testcase classname="org.example.runners.TestRunner" name="runScenario" time="7.790"/>
  <testcase classname="org.example.runners.TestRunner" name="runScenario" time="8.538"/>
  <testcase classname="org.example.runners.TestRunner" name="runScenario" time="4.970"/>
  <testcase classname="org.example.runners.TestRunner" name="runScenario" time="4.646"/>
  <testcase classname="org.example.runners.TestRunner" name="runScenario" time="7.351"/>
</testsuite> <!-- org.example.runners.TestRunner -->
