<?xml version="1.0" encoding="UTF-8"?>
<!-- Generated by org.testng.reporters.JUnitReportReporter -->
<testsuite hostname="IKnIK" failures="0" tests="10" name="org.example.runners.TestRunner" time="57.192" errors="0" timestamp="2025-08-18T16:53:05 EDT" skipped="0">
  <testcase classname="org.example.runners.TestRunner" name="runScenario" time="4.597"/>
  <testcase classname="org.example.runners.TestRunner" name="runScenario" time="6.985"/>
  <testcase classname="org.example.runners.TestRunner" name="runScenario" time="4.986"/>
  <testcase classname="org.example.runners.TestRunner" name="runScenario" time="6.811"/>
  <testcase classname="org.example.runners.TestRunner" name="runScenario" time="7.002"/>
  <testcase classname="org.example.runners.TestRunner" name="runScenario" time="4.200"/>
  <testcase classname="org.example.runners.TestRunner" name="runScenario" time="7.015"/>
  <testcase classname="org.example.runners.TestRunner" name="runScenario" time="4.967"/>
  <testcase classname="org.example.runners.TestRunner" name="runScenario" time="4.465"/>
  <testcase classname="org.example.runners.TestRunner" name="runScenario" time="6.164"/>
</testsuite> <!-- org.example.runners.TestRunner -->
