<?xml version="1.0" encoding="UTF-8"?>
<!-- Generated by org.testng.reporters.JUnitReportReporter -->
<testsuite hostname="IKnIK" failures="0" tests="5" name="org.example.runners.TestRunner" time="16.381" errors="0" timestamp="2025-08-24T21:17:49 EDT" skipped="0">
  <testcase classname="org.example.runners.TestRunner" name="runScenario" time="4.766"/>
  <testcase classname="org.example.runners.TestRunner" name="runScenario" time="2.044"/>
  <testcase classname="org.example.runners.TestRunner" name="runScenario" time="2.516"/>
  <testcase classname="org.example.runners.TestRunner" name="runScenario" time="4.465"/>
  <testcase classname="org.example.runners.TestRunner" name="runScenario" time="2.590"/>
</testsuite> <!-- org.example.runners.TestRunner -->
